<?xml version="1.0" encoding="UTF-8"?>
<!-- Generated by org.testng.reporters.JUnitXMLReporter -->
<testsuite ignored="0" hostname="SarojZenBook" failures="0" tests="5" name="Default test" time="92.787" errors="0" timestamp="2025-10-16T08:32:44 IST">
  <testcase classname="test.EndToEndTesting" name="launchApplication" time="0.112"/>
  <testcase classname="test.EndToEndTesting" name="login" time="8.485"/>
  <testcase classname="test.EndToEndTesting" name="shopProduct" time="49.593"/>
  <testcase classname="test.EndToEndTesting" name="proceedCheckout" time="25.758"/>
  <testcase classname="test.EndToEndTesting" name="logout" time="2.424"/>
</testsuite> <!-- Default test -->
