<?xml version="1.0" encoding="UTF-8"?>
<!-- Generated by org.testng.reporters.JUnitXMLReporter -->
<testsuite ignored="0" hostname="SarojZenBook" failures="0" tests="5" name="Test" time="88.436" errors="0" timestamp="2025-10-16T09:05:44 IST">
  <testcase classname="test.EndToEndTesting" name="launchApplication" time="0.137"/>
  <testcase classname="test.EndToEndTesting" name="login" time="11.573"/>
  <testcase classname="test.EndToEndTesting" name="shopProduct" time="45.192"/>
  <testcase classname="test.EndToEndTesting" name="proceedCheckout" time="24.033"/>
  <testcase classname="test.EndToEndTesting" name="logout" time="1.749"/>
</testsuite> <!-- Test -->
